<?xml version="1.0" encoding="UTF-8"?>
<!-- Generated by org.testng.reporters.JUnitXMLReporter -->
<testsuite hostname="DESKTOP-MQGQOGA" name="Test" tests="3" failures="0" timestamp="27 Oct 2019 18:40:04 GMT" time="35.577" errors="0">
  <testcase name="baseNavigation" time="13.391" classname="Academy.E2EProject.HomePage"/>
  <testcase name="baseNavigation" time="5.723" classname="Academy.E2EProject.HomePage"/>
  <testcase name="baseNavigation" time="0.132" classname="Academy.E2EProject.Titlevalidation"/>
</testsuite> <!-- Test -->
