<?xml version="1.0" encoding="UTF-8"?>
<!-- Generated by org.testng.reporters.JUnitXMLReporter -->
<testsuite hostname="DESKTOP-MQGQOGA" name="Test" tests="3" failures="0" timestamp="27 Oct 2019 19:19:21 GMT" time="36.134" errors="0">
  <testcase name="baseNavigation" time="13.928" classname="Academy.E2EProject.HomePage"/>
  <testcase name="baseNavigation" time="7.334" classname="Academy.E2EProject.HomePage"/>
  <testcase name="baseNavigation" time="0.155" classname="Academy.E2EProject.Titlevalidation"/>
</testsuite> <!-- Test -->
