<?xml version="1.0" encoding="UTF-8"?>
<!-- Generated by org.testng.reporters.JUnitXMLReporter -->
<testsuite hostname="DESKTOP-MQGQOGA" name="TitleValidation&gt;" tests="1" failures="1" timestamp="28 Oct 2019 02:54:27 GMT" time="12.44" errors="0">
  <testcase name="baseNavigation" time="0.107" classname="Academy.E2EProject.Titlevalidation">
    <failure type="java.lang.AssertionError" message="expected [FEATURED COURSES123] but found [FEATURED COURSES]">
      <![CDATA[java.lang.AssertionError: expected [FEATURED COURSES123] but found [FEATURED COURSES]
	at Academy.E2EProject.Titlevalidation.baseNavigation(Titlevalidation.java:25)
... Removed 34 stack frames]]>
    </failure>
  </testcase> <!-- baseNavigation -->
</testsuite> <!-- TitleValidation> -->
