-------------------------------------------------------------------------------
Test set: TestSuite
-------------------------------------------------------------------------------
Tests run: 3, Failures: 1, Errors: 0, Skipped: 0, Time elapsed: 34.609 s <<< FAILURE! - in TestSuite
baseNavigation(Academy.E2EProject.Titlevalidation)  Time elapsed: 0.118 s  <<< FAILURE!
java.lang.AssertionError: expected [FEATURED COURSES123] but found [FEATURED COURSES]
	at Academy.E2EProject.Titlevalidation.baseNavigation(Titlevalidation.java:25)

