<?xml version="1.0" encoding="UTF-8"?>
<testng-results skipped="0" failed="0" total="3" passed="3">
  <reporter-output>
  </reporter-output>
  <suite name="Suite" duration-ms="33920" started-at="2020-05-12T03:16:49Z" finished-at="2020-05-12T03:17:23Z">
    <groups>
    </groups>
    <test name="AppTest" duration-ms="6" started-at="2020-05-12T03:16:49Z" finished-at="2020-05-12T03:16:49Z">
    </test> <!-- AppTest -->
    <test name="Homepage" duration-ms="23213" started-at="2020-05-12T03:16:49Z" finished-at="2020-05-12T03:17:12Z">
      <class name="Academy.E2EProject.HomePage">
        <test-method status="PASS" signature="initialize()[pri:0, instance:Academy.E2EProject.HomePage@1e6a3214]" name="initialize" is-config="true" duration-ms="5670" started-at="2020-05-11T23:16:49Z" finished-at="2020-05-11T23:16:54Z">
          <reporter-output>
          </reporter-output>
        </test-method> <!-- initialize -->
        <test-method status="PASS" signature="baseNavigation(java.lang.String, java.lang.String)[pri:0, instance:Academy.E2EProject.HomePage@1e6a3214]" name="baseNavigation" duration-ms="10064" started-at="2020-05-11T23:16:54Z" data-provider="getData" finished-at="2020-05-11T23:17:04Z">
          <params>
            <param index="0">
              <value>
                <![CDATA[non-restricteduser@email.com]]>
              </value>
            </param>
            <param index="1">
              <value>
                <![CDATA[nonrestricted123]]>
              </value>
            </param>
          </params>
          <reporter-output>
          </reporter-output>
        </test-method> <!-- baseNavigation -->
        <test-method status="PASS" signature="baseNavigation(java.lang.String, java.lang.String)[pri:0, instance:Academy.E2EProject.HomePage@1e6a3214]" name="baseNavigation" duration-ms="5872" started-at="2020-05-11T23:17:04Z" data-provider="getData" finished-at="2020-05-11T23:17:10Z">
          <params>
            <param index="0">
              <value>
                <![CDATA[restricteduser@email.com]]>
              </value>
            </param>
            <param index="1">
              <value>
                <![CDATA[restricted123]]>
              </value>
            </param>
          </params>
          <reporter-output>
          </reporter-output>
        </test-method> <!-- baseNavigation -->
        <test-method status="PASS" signature="ClosingDriver()[pri:0, instance:Academy.E2EProject.HomePage@1e6a3214]" name="ClosingDriver" is-config="true" duration-ms="1597" started-at="2020-05-11T23:17:10Z" finished-at="2020-05-11T23:17:12Z">
          <reporter-output>
          </reporter-output>
        </test-method> <!-- ClosingDriver -->
      </class> <!-- Academy.E2EProject.HomePage -->
    </test> <!-- Homepage -->
    <test name="TitleValidation&gt;" duration-ms="10684" started-at="2020-05-12T03:17:12Z" finished-at="2020-05-12T03:17:23Z">
      <class name="Academy.E2EProject.Titlevalidation">
        <test-method status="PASS" signature="initialize()[pri:0, instance:Academy.E2EProject.Titlevalidation@4145bad8]" name="initialize" is-config="true" duration-ms="9244" started-at="2020-05-11T23:17:12Z" finished-at="2020-05-11T23:17:21Z">
          <reporter-output>
          </reporter-output>
        </test-method> <!-- initialize -->
        <test-method status="PASS" signature="baseNavigation()[pri:0, instance:Academy.E2EProject.Titlevalidation@4145bad8]" name="baseNavigation" duration-ms="127" started-at="2020-05-11T23:17:21Z" finished-at="2020-05-11T23:17:21Z">
          <reporter-output>
          </reporter-output>
        </test-method> <!-- baseNavigation -->
        <test-method status="PASS" signature="ClosingDriver()[pri:0, instance:Academy.E2EProject.Titlevalidation@4145bad8]" name="ClosingDriver" is-config="true" duration-ms="1313" started-at="2020-05-11T23:17:21Z" finished-at="2020-05-11T23:17:23Z">
          <reporter-output>
          </reporter-output>
        </test-method> <!-- ClosingDriver -->
      </class> <!-- Academy.E2EProject.Titlevalidation -->
    </test> <!-- TitleValidation> -->
  </suite> <!-- Suite -->
</testng-results>
