<?xml version="1.0" encoding="UTF-8"?>
<testng-results skipped="0" failed="0" total="2" passed="2">
  <reporter-output>
  </reporter-output>
  <suite name="Default suite" duration-ms="21853" started-at="2019-11-01T01:22:47Z" finished-at="2019-11-01T01:23:09Z">
    <groups>
    </groups>
    <test name="Default test" duration-ms="21853" started-at="2019-11-01T01:22:47Z" finished-at="2019-11-01T01:23:09Z">
      <class name="Academy.E2EProject.HomePage">
        <test-method status="PASS" signature="initialize()[pri:0, instance:Academy.E2EProject.HomePage@78b66d36]" name="initialize" is-config="true" duration-ms="3429" started-at="2019-10-31T21:22:47Z" finished-at="2019-10-31T21:22:51Z">
          <reporter-output>
          </reporter-output>
        </test-method> <!-- initialize -->
        <test-method status="PASS" signature="baseNavigation(java.lang.String, java.lang.String)[pri:0, instance:Academy.E2EProject.HomePage@78b66d36]" name="baseNavigation" duration-ms="13197" started-at="2019-10-31T21:22:51Z" data-provider="getData" finished-at="2019-10-31T21:23:04Z">
          <params>
            <param index="0">
              <value>
                <![CDATA[non-restricteduser@email.com]]>
              </value>
            </param>
            <param index="1">
              <value>
                <![CDATA[nonrestricted123]]>
              </value>
            </param>
          </params>
          <reporter-output>
          </reporter-output>
        </test-method> <!-- baseNavigation -->
        <test-method status="PASS" signature="baseNavigation(java.lang.String, java.lang.String)[pri:0, instance:Academy.E2EProject.HomePage@78b66d36]" name="baseNavigation" duration-ms="5115" started-at="2019-10-31T21:23:04Z" data-provider="getData" finished-at="2019-10-31T21:23:09Z">
          <params>
            <param index="0">
              <value>
                <![CDATA[restricteduser@email.com]]>
              </value>
            </param>
            <param index="1">
              <value>
                <![CDATA[restricted123]]>
              </value>
            </param>
          </params>
          <reporter-output>
          </reporter-output>
        </test-method> <!-- baseNavigation -->
        <test-method status="PASS" signature="ClosingDriver()[pri:0, instance:Academy.E2EProject.HomePage@78b66d36]" name="ClosingDriver" is-config="true" duration-ms="107" started-at="2019-10-31T21:23:09Z" finished-at="2019-10-31T21:23:09Z">
          <reporter-output>
          </reporter-output>
        </test-method> <!-- ClosingDriver -->
      </class> <!-- Academy.E2EProject.HomePage -->
    </test> <!-- Default test -->
  </suite> <!-- Default suite -->
</testng-results>
